Arguments: 
  /Users/zhaochaoyue/.nvm/versions/node/v8.11.1/bin/node /usr/local/Cellar/yarn/1.5.1_1/libexec/bin/yarn.js run publish-gh-pages

PATH: 
  /Users/zhaochaoyue/.nvm/versions/node/v8.11.1/bin:/usr/local/bin:/usr/bin:/bin:/usr/sbin:/sbin:/Library/Frameworks/Mono.framework/Versions/Current/Commands:/Library/Frameworks/Mono.framework/Versions/5.10.1/bin

Yarn version: 
  1.5.1

Node version: 
  8.11.1

Platform: 
  darwin x64

npm manifest: 
  {
    "scripts": {
      "examples": "docusaurus-examples",
      "start": "docusaurus-start",
      "build": "docusaurus-build",
      "publish-gh-pages": "docusaurus-publish",
      "write-translations": "docusaurus-write-translations",
      "version": "docusaurus-version",
      "rename-version": "docusaurus-rename-version"
    },
    "devDependencies": {
      "docusaurus": "^1.5.1"
    }
  }

yarn manifest: 
  No manifest

Lockfile: 
  No lockfile

Trace: 
  Error: Command failed.
  Exit code: 1
  Command: sh
  Arguments: -c docusaurus-publish
  Directory: /Users/zhaochaoyue/anhan-docusaurus/website
  Output:
  
      at ProcessTermError.MessageError (/usr/local/Cellar/yarn/1.5.1_1/libexec/lib/cli.js:186:110)
      at new ProcessTermError (/usr/local/Cellar/yarn/1.5.1_1/libexec/lib/cli.js:226:113)
      at ChildProcess.<anonymous> (/usr/local/Cellar/yarn/1.5.1_1/libexec/lib/cli.js:30281:17)
      at emitTwo (events.js:126:13)
      at ChildProcess.emit (events.js:214:7)
      at maybeClose (internal/child_process.js:925:16)
      at Process.ChildProcess._handle.onexit (internal/child_process.js:209:5)
